[2026-05-13--23-02-26 INFO actix_server::builder] starting 5 workers
[2026-05-13--23-02-26 INFO actix_server::server] Tokio runtime found; starting in existing Tokio runtime
[2026-05-13--23-02-26 INFO actix_server::server] starting service: "actix-web-service-127.0.0.1:18488", workers: 5, listening on: 127.0.0.1:18488
[2026-05-13--23-02-26 INFO parity_ws] Listening for new connections on 127.0.0.1:8900.
[2026-05-13--23-02-27 INFO surfpool::cli::simnet] Datasource connection successful. Epoch 971 / Slot index 30409 / Slot 419502409.
[2026-05-13--23-02-27 INFO surfpool::cli::simnet] Account 5QhtQhJsQpUKKmjXiieZsRW8GF2j87VwcX6U8HvGxPdg updated.
[2026-05-13--23-02-27 INFO surfpool::cli::simnet] Genesis airdrop successful 5QhtQhJsQpUKKmjXiieZsRW8GF2j87VwcX6U8HvGxPdg: 10000000000000
[2026-05-13--23-02-41 INFO surfpool::cli::simnet] Account 9ypxGLzkMxi89eDerRKXWDXe44UY2z4hBig4mDhNq5Dp updated.
[2026-05-13--23-02-41 INFO surfpool::cli::simnet] Account JE86WkYvTrzW8HgNmrHY7dFYpCmSptUpKupbo2AdQ9cG updated.
[2026-05-13--23-02-41 INFO surfpool::cli::simnet] Account 4WeHX6QoXCCwqbSFgi6dxnB6QsPo6YApaNTH7P4MLQ99 updated.
[2026-05-13--23-02-41 INFO surfpool::cli::simnet] Account 7bTK6Jis8Xpfrs8ZoUfiMDPazTcdPcTWheZFJTA5Z6X4 updated.
[2026-05-13--23-02-41 INFO surfpool::cli::simnet] Account DeS7sR48ZcFTUmt5FFEVDr1v1bh73aAbZiZq3SYr8Eh8 updated.
[2026-05-13--23-02-41 INFO surfpool::cli::simnet] Account GDH5TVdbTPUpRnXaRyQqiKUa7uZAbZ28Q2N9bhbKoMLm updated.
[2026-05-13--23-02-41 INFO surfpool::cli::simnet] Account ptokFjwyJtrwCa9Kgo9xoDS59V4QccBGEaRFnRPnSdP updated.
[2026-05-13--23-02-41 INFO surfpool::cli::simnet] Account rexav5eNTUSNT1K2N7cfRjnthwhcP5BC25v2tA4rW4h updated.
[2026-05-13--23-02-41 INFO surfpool::cli::simnet] Account zkdoVwnSFnSLtGJG7irJPEYUpmb4i7sGMGcnN6T9rnC updated.
[2026-05-13--23-02-41 INFO parity_ws::io] Accepted a new tcp connection from 127.0.0.1:58658.
[2026-05-13--23-02-41 WARN surfpool::cli::simnet] Websocket method 'slots_updates_subscribe' is uninmplemented
[2026-05-13--23-02-54 ERROR surfpool::cli::simnet] Transaction simulation failed: Blockhash not found
[2026-05-13--23-02-54 ERROR surfpool::cli::simnet] Transaction simulation failed: Blockhash not found
[2026-05-13--23-02-54 ERROR surfpool::cli::simnet] Transaction simulation failed: Blockhash not found
[2026-05-13--23-02-54 ERROR surfpool::cli::simnet] Transaction simulation failed: Blockhash not found
[2026-05-13--23-02-54 ERROR surfpool::cli::simnet] Transaction simulation failed: Blockhash not found
[2026-05-13--23-02-54 ERROR surfpool::cli::simnet] Transaction simulation failed: Blockhash not found
[2026-05-13--23-02-54 ERROR surfpool::cli::simnet] Transaction simulation failed: Blockhash not found
[2026-05-13--23-02-54 ERROR surfpool::cli::simnet] Transaction simulation failed: Blockhash not found
[2026-05-13--23-02-55 ERROR surfpool::cli::simnet] Transaction simulation failed: Blockhash not found
[2026-05-13--23-02-55 ERROR surfpool::cli::simnet] Transaction simulation failed: Blockhash not found
[2026-05-13--23-02-55 ERROR surfpool::cli::simnet] Transaction simulation failed: Blockhash not found
[2026-05-13--23-02-55 ERROR surfpool::cli::simnet] Transaction simulation failed: Blockhash not found
[2026-05-13--23-02-55 ERROR surfpool::cli::simnet] Transaction simulation failed: Blockhash not found
[2026-05-13--23-02-55 ERROR surfpool::cli::simnet] Transaction simulation failed: Blockhash not found
[2026-05-13--23-02-55 ERROR surfpool::cli::simnet] Transaction simulation failed: Blockhash not found
[2026-05-13--23-02-55 ERROR surfpool::cli::simnet] Transaction simulation failed: Blockhash not found
[2026-05-13--23-02-55 ERROR surfpool::cli::simnet] Transaction simulation failed: Blockhash not found
[2026-05-13--23-02-56 ERROR surfpool::cli::simnet] Transaction simulation failed: Blockhash not found
[2026-05-13--23-02-56 ERROR surfpool::cli::simnet] Transaction simulation failed: Blockhash not found
[2026-05-13--23-02-56 ERROR surfpool::cli::simnet] Transaction simulation failed: Blockhash not found
[2026-05-13--23-02-56 ERROR surfpool::cli::simnet] Transaction simulation failed: Blockhash not found
[2026-05-13--23-02-56 ERROR surfpool::cli::simnet] Transaction simulation failed: Blockhash not found
[2026-05-13--23-02-56 ERROR surfpool::cli::simnet] Transaction simulation failed: Blockhash not found
[2026-05-13--23-02-56 ERROR surfpool::cli::simnet] Transaction simulation failed: Blockhash not found
[2026-05-13--23-02-56 ERROR surfpool::cli::simnet] Transaction simulation failed: Blockhash not found
[2026-05-13--23-02-57 ERROR surfpool::cli::simnet] Transaction simulation failed: Blockhash not found
[2026-05-13--23-02-57 ERROR surfpool::cli::simnet] Transaction simulation failed: Blockhash not found
[2026-05-13--23-02-57 ERROR surfpool::cli::simnet] Transaction simulation failed: Blockhash not found
[2026-05-13--23-02-57 ERROR surfpool::cli::simnet] Transaction simulation failed: Blockhash not found
[2026-05-13--23-02-57 ERROR surfpool::cli::simnet] Transaction simulation failed: Blockhash not found
[2026-05-13--23-02-57 ERROR surfpool::cli::simnet] Transaction simulation failed: Blockhash not found
[2026-05-13--23-02-57 ERROR surfpool::cli::simnet] Transaction simulation failed: Blockhash not found
[2026-05-13--23-02-58 ERROR surfpool::cli::simnet] Transaction simulation failed: Blockhash not found
[2026-05-13--23-02-58 ERROR surfpool::cli::simnet] Transaction simulation failed: Blockhash not found
[2026-05-13--23-02-58 ERROR surfpool::cli::simnet] Transaction simulation failed: Blockhash not found
[2026-05-13--23-02-58 ERROR surfpool::cli::simnet] Transaction simulation failed: Blockhash not found
[2026-05-13--23-02-58 ERROR surfpool::cli::simnet] Transaction simulation failed: Blockhash not found
[2026-05-13--23-02-58 ERROR surfpool::cli::simnet] Transaction simulation failed: Blockhash not found
[2026-05-13--23-02-58 ERROR surfpool::cli::simnet] Transaction simulation failed: Blockhash not found
[2026-05-13--23-02-59 ERROR surfpool::cli::simnet] Transaction simulation failed: Blockhash not found
[2026-05-13--23-02-59 ERROR surfpool::cli::simnet] Transaction simulation failed: Blockhash not found
[2026-05-13--23-02-59 ERROR surfpool::cli::simnet] Transaction simulation failed: Blockhash not found
[2026-05-13--23-02-59 ERROR surfpool::cli::simnet] Transaction simulation failed: Blockhash not found
[2026-05-13--23-02-59 ERROR surfpool::cli::simnet] Transaction simulation failed: Blockhash not found
[2026-05-13--23-02-59 ERROR surfpool::cli::simnet] Transaction simulation failed: Blockhash not found
[2026-05-13--23-02-59 ERROR surfpool::cli::simnet] Transaction simulation failed: Blockhash not found
[2026-05-13--23-03-00 ERROR surfpool::cli::simnet] Transaction simulation failed: Blockhash not found
[2026-05-13--23-03-00 ERROR surfpool::cli::simnet] Transaction simulation failed: Blockhash not found
[2026-05-13--23-03-00 ERROR surfpool::cli::simnet] Transaction simulation failed: Blockhash not found
[2026-05-13--23-03-00 ERROR surfpool::cli::simnet] Transaction simulation failed: Blockhash not found
[2026-05-13--23-03-00 ERROR surfpool::cli::simnet] Transaction simulation failed: Blockhash not found
[2026-05-13--23-03-00 ERROR surfpool::cli::simnet] Transaction simulation failed: Blockhash not found
[2026-05-13--23-03-01 ERROR surfpool::cli::simnet] Transaction simulation failed: Blockhash not found
[2026-05-13--23-03-01 ERROR surfpool::cli::simnet] Transaction simulation failed: Blockhash not found
[2026-05-13--23-03-01 ERROR surfpool::cli::simnet] Transaction simulation failed: Blockhash not found
[2026-05-13--23-03-01 ERROR surfpool::cli::simnet] Transaction simulation failed: Blockhash not found
[2026-05-13--23-03-01 ERROR surfpool::cli::simnet] Transaction simulation failed: Blockhash not found
[2026-05-13--23-03-01 ERROR surfpool::cli::simnet] Transaction simulation failed: Blockhash not found
[2026-05-13--23-03-01 ERROR surfpool::cli::simnet] Transaction simulation failed: Blockhash not found
[2026-05-13--23-03-02 ERROR surfpool::cli::simnet] Transaction simulation failed: Blockhash not found
[2026-05-13--23-03-02 ERROR surfpool::cli::simnet] Transaction simulation failed: Blockhash not found
[2026-05-13--23-03-02 ERROR surfpool::cli::simnet] Transaction simulation failed: Blockhash not found
[2026-05-13--23-03-02 ERROR surfpool::cli::simnet] Transaction simulation failed: Blockhash not found
[2026-05-13--23-03-02 ERROR surfpool::cli::simnet] Transaction simulation failed: Blockhash not found
[2026-05-13--23-03-03 ERROR surfpool::cli::simnet] Transaction simulation failed: Blockhash not found
[2026-05-13--23-03-03 ERROR surfpool::cli::simnet] Transaction simulation failed: Blockhash not found
[2026-05-13--23-03-03 ERROR surfpool::cli::simnet] Transaction simulation failed: Blockhash not found
[2026-05-13--23-03-03 ERROR surfpool::cli::simnet] Transaction simulation failed: Blockhash not found
[2026-05-13--23-03-03 ERROR surfpool::cli::simnet] Transaction simulation failed: Blockhash not found
[2026-05-13--23-03-03 ERROR surfpool::cli::simnet] Transaction simulation failed: Blockhash not found
[2026-05-13--23-03-03 ERROR surfpool::cli::simnet] Transaction simulation failed: Blockhash not found
[2026-05-13--23-03-04 ERROR surfpool::cli::simnet] Transaction simulation failed: Blockhash not found
[2026-05-13--23-03-04 ERROR surfpool::cli::simnet] Transaction simulation failed: Blockhash not found
[2026-05-13--23-03-04 ERROR surfpool::cli::simnet] Transaction simulation failed: Blockhash not found
[2026-05-13--23-03-04 ERROR surfpool::cli::simnet] Transaction simulation failed: Blockhash not found
[2026-05-13--23-03-04 ERROR surfpool::cli::simnet] Transaction simulation failed: Blockhash not found
[2026-05-13--23-03-04 ERROR surfpool::cli::simnet] Transaction simulation failed: Blockhash not found
[2026-05-13--23-03-04 ERROR surfpool::cli::simnet] Transaction simulation failed: Blockhash not found
[2026-05-13--23-03-04 ERROR surfpool::cli::simnet] Transaction simulation failed: Blockhash not found
[2026-05-13--23-03-05 ERROR surfpool::cli::simnet] Transaction simulation failed: Blockhash not found
[2026-05-13--23-03-05 ERROR surfpool::cli::simnet] Transaction simulation failed: Blockhash not found
[2026-05-13--23-03-05 ERROR surfpool::cli::simnet] Transaction simulation failed: Blockhash not found
[2026-05-13--23-03-05 ERROR surfpool::cli::simnet] Transaction simulation failed: Blockhash not found
[2026-05-13--23-03-05 ERROR surfpool::cli::simnet] Transaction simulation failed: Blockhash not found
[2026-05-13--23-03-05 ERROR surfpool::cli::simnet] Transaction simulation failed: Blockhash not found
[2026-05-13--23-03-05 ERROR surfpool::cli::simnet] Transaction simulation failed: Blockhash not found
[2026-05-13--23-03-05 ERROR surfpool::cli::simnet] Transaction simulation failed: Blockhash not found
[2026-05-13--23-03-06 ERROR surfpool::cli::simnet] Transaction simulation failed: Blockhash not found
[2026-05-13--23-03-06 ERROR surfpool::cli::simnet] Transaction simulation failed: Blockhash not found
[2026-05-13--23-03-06 ERROR surfpool::cli::simnet] Transaction simulation failed: Blockhash not found
[2026-05-13--23-03-06 ERROR surfpool::cli::simnet] Transaction simulation failed: Blockhash not found
[2026-05-13--23-03-06 ERROR surfpool::cli::simnet] Transaction simulation failed: Blockhash not found
[2026-05-13--23-03-06 ERROR surfpool::cli::simnet] Transaction simulation failed: Blockhash not found
[2026-05-13--23-03-06 ERROR surfpool::cli::simnet] Transaction simulation failed: Blockhash not found
[2026-05-13--23-03-06 ERROR surfpool::cli::simnet] Transaction simulation failed: Blockhash not found
[2026-05-13--23-03-06 ERROR surfpool::cli::simnet] Transaction simulation failed: Blockhash not found
[2026-05-13--23-03-07 ERROR surfpool::cli::simnet] Transaction simulation failed: Blockhash not found
[2026-05-13--23-03-07 ERROR surfpool::cli::simnet] Transaction simulation failed: Blockhash not found
[2026-05-13--23-03-07 ERROR surfpool::cli::simnet] Transaction simulation failed: Blockhash not found
[2026-05-13--23-03-07 ERROR surfpool::cli::simnet] Transaction simulation failed: Blockhash not found
[2026-05-13--23-03-07 ERROR surfpool::cli::simnet] Transaction simulation failed: Blockhash not found
[2026-05-13--23-03-07 ERROR surfpool::cli::simnet] Transaction simulation failed: Blockhash not found
[2026-05-13--23-03-07 ERROR surfpool::cli::simnet] Transaction simulation failed: Blockhash not found
[2026-05-13--23-03-07 ERROR surfpool::cli::simnet] Transaction simulation failed: Blockhash not found
[2026-05-13--23-03-07 ERROR surfpool::cli::simnet] Transaction simulation failed: Blockhash not found
[2026-05-13--23-03-07 ERROR surfpool::cli::simnet] Transaction simulation failed: Blockhash not found
[2026-05-13--23-03-07 ERROR surfpool::cli::simnet] Transaction simulation failed: Blockhash not found
[2026-05-13--23-03-08 ERROR surfpool::cli::simnet] Transaction simulation failed: Blockhash not found
[2026-05-13--23-03-08 ERROR surfpool::cli::simnet] Transaction simulation failed: Blockhash not found
[2026-05-13--23-03-08 ERROR surfpool::cli::simnet] Transaction simulation failed: Blockhash not found
[2026-05-13--23-03-08 ERROR surfpool::cli::simnet] Transaction simulation failed: Blockhash not found
[2026-05-13--23-03-08 ERROR surfpool::cli::simnet] Transaction simulation failed: Blockhash not found
[2026-05-13--23-03-08 ERROR surfpool::cli::simnet] Transaction simulation failed: Blockhash not found
[2026-05-13--23-03-08 ERROR surfpool::cli::simnet] Transaction simulation failed: Blockhash not found
[2026-05-13--23-03-08 ERROR surfpool::cli::simnet] Transaction simulation failed: Blockhash not found
[2026-05-13--23-03-08 ERROR surfpool::cli::simnet] Transaction simulation failed: Blockhash not found
[2026-05-13--23-03-08 ERROR surfpool::cli::simnet] Transaction simulation failed: Blockhash not found
[2026-05-13--23-03-08 ERROR surfpool::cli::simnet] Transaction simulation failed: Blockhash not found
[2026-05-13--23-03-09 ERROR surfpool::cli::simnet] Transaction simulation failed: Blockhash not found
[2026-05-13--23-03-09 ERROR surfpool::cli::simnet] Transaction simulation failed: Blockhash not found
[2026-05-13--23-03-09 ERROR surfpool::cli::simnet] Transaction simulation failed: Blockhash not found
[2026-05-13--23-03-09 ERROR surfpool::cli::simnet] Transaction simulation failed: Blockhash not found
[2026-05-13--23-03-09 ERROR surfpool::cli::simnet] Transaction simulation failed: Blockhash not found
[2026-05-13--23-03-09 ERROR surfpool::cli::simnet] Transaction simulation failed: Blockhash not found
[2026-05-13--23-03-09 ERROR surfpool::cli::simnet] Transaction simulation failed: Blockhash not found
[2026-05-13--23-03-09 ERROR surfpool::cli::simnet] Transaction simulation failed: Blockhash not found
[2026-05-13--23-03-09 ERROR surfpool::cli::simnet] Transaction simulation failed: Blockhash not found
[2026-05-13--23-03-09 ERROR surfpool::cli::simnet] Transaction simulation failed: Blockhash not found
[2026-05-13--23-03-09 ERROR surfpool::cli::simnet] Transaction simulation failed: Blockhash not found
[2026-05-13--23-03-10 ERROR surfpool::cli::simnet] Transaction simulation failed: Blockhash not found
[2026-05-13--23-03-10 ERROR surfpool::cli::simnet] Transaction simulation failed: Blockhash not found
[2026-05-13--23-03-10 ERROR surfpool::cli::simnet] Transaction simulation failed: Blockhash not found
[2026-05-13--23-03-10 ERROR surfpool::cli::simnet] Transaction simulation failed: Blockhash not found
[2026-05-13--23-03-10 ERROR surfpool::cli::simnet] Transaction simulation failed: Blockhash not found
[2026-05-13--23-03-10 ERROR surfpool::cli::simnet] Transaction simulation failed: Blockhash not found
[2026-05-13--23-03-25 ERROR surfpool::cli::simnet] Transaction simulation failed: Blockhash not found
[2026-05-13--23-03-25 ERROR surfpool::cli::simnet] Transaction simulation failed: Blockhash not found
[2026-05-13--23-03-25 ERROR surfpool::cli::simnet] Transaction simulation failed: Blockhash not found
[2026-05-13--23-03-25 ERROR surfpool::cli::simnet] Transaction simulation failed: Blockhash not found
[2026-05-13--23-03-25 ERROR surfpool::cli::simnet] Transaction simulation failed: Blockhash not found
[2026-05-13--23-03-25 ERROR surfpool::cli::simnet] Transaction simulation failed: Blockhash not found
[2026-05-13--23-03-25 ERROR surfpool::cli::simnet] Transaction simulation failed: Blockhash not found
[2026-05-13--23-03-25 ERROR surfpool::cli::simnet] Transaction simulation failed: Blockhash not found
[2026-05-13--23-03-26 ERROR surfpool::cli::simnet] Transaction simulation failed: Blockhash not found
[2026-05-13--23-03-26 ERROR surfpool::cli::simnet] Transaction simulation failed: Blockhash not found
[2026-05-13--23-03-26 ERROR surfpool::cli::simnet] Transaction simulation failed: Blockhash not found
[2026-05-13--23-03-26 ERROR surfpool::cli::simnet] Transaction simulation failed: Blockhash not found
[2026-05-13--23-03-26 ERROR surfpool::cli::simnet] Transaction simulation failed: Blockhash not found
[2026-05-13--23-03-26 ERROR surfpool::cli::simnet] Transaction simulation failed: Blockhash not found
[2026-05-13--23-03-26 ERROR surfpool::cli::simnet] Transaction simulation failed: Blockhash not found
[2026-05-13--23-03-26 ERROR surfpool::cli::simnet] Transaction simulation failed: Blockhash not found
[2026-05-13--23-03-26 ERROR surfpool::cli::simnet] Transaction simulation failed: Blockhash not found
[2026-05-13--23-03-26 ERROR surfpool::cli::simnet] Transaction simulation failed: Blockhash not found
[2026-05-13--23-03-27 ERROR surfpool::cli::simnet] Transaction simulation failed: Blockhash not found
[2026-05-13--23-03-27 ERROR surfpool::cli::simnet] Transaction simulation failed: Blockhash not found
[2026-05-13--23-03-27 ERROR surfpool::cli::simnet] Transaction simulation failed: Blockhash not found
[2026-05-13--23-03-27 ERROR surfpool::cli::simnet] Transaction simulation failed: Blockhash not found
[2026-05-13--23-03-27 ERROR surfpool::cli::simnet] Transaction simulation failed: Blockhash not found
[2026-05-13--23-03-27 ERROR surfpool::cli::simnet] Transaction simulation failed: Blockhash not found
[2026-05-13--23-03-27 ERROR surfpool::cli::simnet] Transaction simulation failed: Blockhash not found
[2026-05-13--23-03-27 ERROR surfpool::cli::simnet] Transaction simulation failed: Blockhash not found
[2026-05-13--23-03-28 ERROR surfpool::cli::simnet] Transaction simulation failed: Blockhash not found
[2026-05-13--23-03-28 ERROR surfpool::cli::simnet] Transaction simulation failed: Blockhash not found
[2026-05-13--23-03-28 ERROR surfpool::cli::simnet] Transaction simulation failed: Blockhash not found
[2026-05-13--23-03-28 ERROR surfpool::cli::simnet] Transaction simulation failed: Blockhash not found
[2026-05-13--23-03-28 ERROR surfpool::cli::simnet] Transaction simulation failed: Blockhash not found
[2026-05-13--23-03-28 ERROR surfpool::cli::simnet] Transaction simulation failed: Blockhash not found
[2026-05-13--23-03-28 ERROR surfpool::cli::simnet] Transaction simulation failed: Blockhash not found
[2026-05-13--23-03-28 ERROR surfpool::cli::simnet] Transaction simulation failed: Blockhash not found
[2026-05-13--23-03-28 ERROR surfpool::cli::simnet] Transaction simulation failed: Blockhash not found
[2026-05-13--23-03-29 ERROR surfpool::cli::simnet] Transaction simulation failed: Blockhash not found
[2026-05-13--23-03-29 ERROR surfpool::cli::simnet] Transaction simulation failed: Blockhash not found
[2026-05-13--23-03-29 ERROR surfpool::cli::simnet] Transaction simulation failed: Blockhash not found
[2026-05-13--23-03-29 ERROR surfpool::cli::simnet] Transaction simulation failed: Blockhash not found
[2026-05-13--23-03-29 ERROR surfpool::cli::simnet] Transaction simulation failed: Blockhash not found
[2026-05-13--23-03-29 ERROR surfpool::cli::simnet] Transaction simulation failed: Blockhash not found
[2026-05-13--23-03-29 ERROR surfpool::cli::simnet] Transaction simulation failed: Blockhash not found
[2026-05-13--23-03-29 ERROR surfpool::cli::simnet] Transaction simulation failed: Blockhash not found
[2026-05-13--23-03-30 ERROR surfpool::cli::simnet] Transaction simulation failed: Blockhash not found
[2026-05-13--23-03-30 ERROR surfpool::cli::simnet] Transaction simulation failed: Blockhash not found
[2026-05-13--23-03-30 ERROR surfpool::cli::simnet] Transaction simulation failed: Blockhash not found
[2026-05-13--23-03-30 ERROR surfpool::cli::simnet] Transaction simulation failed: Blockhash not found
[2026-05-13--23-03-30 ERROR surfpool::cli::simnet] Transaction simulation failed: Blockhash not found
[2026-05-13--23-03-30 ERROR surfpool::cli::simnet] Transaction simulation failed: Blockhash not found
[2026-05-13--23-03-30 ERROR surfpool::cli::simnet] Transaction simulation failed: Blockhash not found
[2026-05-13--23-03-30 ERROR surfpool::cli::simnet] Transaction simulation failed: Blockhash not found
[2026-05-13--23-03-30 ERROR surfpool::cli::simnet] Transaction simulation failed: Blockhash not found
[2026-05-13--23-03-30 ERROR surfpool::cli::simnet] Transaction simulation failed: Blockhash not found
[2026-05-13--23-03-31 ERROR surfpool::cli::simnet] Transaction simulation failed: Blockhash not found
[2026-05-13--23-03-31 ERROR surfpool::cli::simnet] Transaction simulation failed: Blockhash not found
[2026-05-13--23-03-31 ERROR surfpool::cli::simnet] Transaction simulation failed: Blockhash not found
[2026-05-13--23-03-31 ERROR surfpool::cli::simnet] Transaction simulation failed: Blockhash not found
[2026-05-13--23-03-31 ERROR surfpool::cli::simnet] Transaction simulation failed: Blockhash not found
[2026-05-13--23-03-31 ERROR surfpool::cli::simnet] Transaction simulation failed: Blockhash not found
[2026-05-13--23-03-31 ERROR surfpool::cli::simnet] Transaction simulation failed: Blockhash not found
[2026-05-13--23-03-31 ERROR surfpool::cli::simnet] Transaction simulation failed: Blockhash not found
[2026-05-13--23-03-31 ERROR surfpool::cli::simnet] Transaction simulation failed: Blockhash not found
[2026-05-13--23-03-31 ERROR surfpool::cli::simnet] Transaction simulation failed: Blockhash not found
[2026-05-13--23-03-32 ERROR surfpool::cli::simnet] Transaction simulation failed: Blockhash not found
[2026-05-13--23-03-32 ERROR surfpool::cli::simnet] Transaction simulation failed: Blockhash not found
[2026-05-13--23-03-32 ERROR surfpool::cli::simnet] Transaction simulation failed: Blockhash not found
[2026-05-13--23-03-32 ERROR surfpool::cli::simnet] Transaction simulation failed: Blockhash not found
[2026-05-13--23-03-32 ERROR surfpool::cli::simnet] Transaction simulation failed: Blockhash not found
[2026-05-13--23-03-32 ERROR surfpool::cli::simnet] Transaction simulation failed: Blockhash not found
[2026-05-13--23-03-32 ERROR surfpool::cli::simnet] Transaction simulation failed: Blockhash not found
[2026-05-13--23-03-32 ERROR surfpool::cli::simnet] Transaction simulation failed: Blockhash not found
[2026-05-13--23-03-32 ERROR surfpool::cli::simnet] Transaction simulation failed: Blockhash not found
[2026-05-13--23-03-32 ERROR surfpool::cli::simnet] Transaction simulation failed: Blockhash not found
[2026-05-13--23-03-33 ERROR surfpool::cli::simnet] Transaction simulation failed: Blockhash not found
[2026-05-13--23-03-33 ERROR surfpool::cli::simnet] Transaction simulation failed: Blockhash not found
[2026-05-13--23-03-33 ERROR surfpool::cli::simnet] Transaction simulation failed: Blockhash not found
[2026-05-13--23-03-33 ERROR surfpool::cli::simnet] Transaction simulation failed: Blockhash not found
[2026-05-13--23-03-33 ERROR surfpool::cli::simnet] Transaction simulation failed: Blockhash not found
[2026-05-13--23-03-33 ERROR surfpool::cli::simnet] Transaction simulation failed: Blockhash not found
[2026-05-13--23-03-33 ERROR surfpool::cli::simnet] Transaction simulation failed: Blockhash not found
[2026-05-13--23-03-33 ERROR surfpool::cli::simnet] Transaction simulation failed: Blockhash not found
[2026-05-13--23-03-33 ERROR surfpool::cli::simnet] Transaction simulation failed: Blockhash not found
[2026-05-13--23-03-33 ERROR surfpool::cli::simnet] Transaction simulation failed: Blockhash not found
[2026-05-13--23-03-33 ERROR surfpool::cli::simnet] Transaction simulation failed: Blockhash not found
[2026-05-13--23-03-34 ERROR surfpool::cli::simnet] Transaction simulation failed: Blockhash not found
[2026-05-13--23-03-34 ERROR surfpool::cli::simnet] Transaction simulation failed: Blockhash not found
[2026-05-13--23-03-34 ERROR surfpool::cli::simnet] Transaction simulation failed: Blockhash not found
[2026-05-13--23-03-34 ERROR surfpool::cli::simnet] Transaction simulation failed: Blockhash not found
[2026-05-13--23-03-34 ERROR surfpool::cli::simnet] Transaction simulation failed: Blockhash not found
[2026-05-13--23-03-34 ERROR surfpool::cli::simnet] Transaction simulation failed: Blockhash not found
[2026-05-13--23-03-34 ERROR surfpool::cli::simnet] Transaction simulation failed: Blockhash not found
[2026-05-13--23-03-34 ERROR surfpool::cli::simnet] Transaction simulation failed: Blockhash not found
[2026-05-13--23-03-34 ERROR surfpool::cli::simnet] Transaction simulation failed: Blockhash not found
[2026-05-13--23-03-34 ERROR surfpool::cli::simnet] Transaction simulation failed: Blockhash not found
[2026-05-13--23-03-35 ERROR surfpool::cli::simnet] Transaction simulation failed: Blockhash not found
[2026-05-13--23-03-35 ERROR surfpool::cli::simnet] Transaction simulation failed: Blockhash not found
[2026-05-13--23-03-35 ERROR surfpool::cli::simnet] Transaction simulation failed: Blockhash not found
[2026-05-13--23-03-35 ERROR surfpool::cli::simnet] Transaction simulation failed: Blockhash not found
[2026-05-13--23-03-35 ERROR surfpool::cli::simnet] Transaction simulation failed: Blockhash not found
[2026-05-13--23-03-35 ERROR surfpool::cli::simnet] Transaction simulation failed: Blockhash not found
[2026-05-13--23-03-35 ERROR surfpool::cli::simnet] Transaction simulation failed: Blockhash not found
[2026-05-13--23-03-35 ERROR surfpool::cli::simnet] Transaction simulation failed: Blockhash not found
[2026-05-13--23-03-35 ERROR surfpool::cli::simnet] Transaction simulation failed: Blockhash not found
[2026-05-13--23-03-35 ERROR surfpool::cli::simnet] Transaction simulation failed: Blockhash not found
[2026-05-13--23-03-36 ERROR surfpool::cli::simnet] Transaction simulation failed: Blockhash not found
[2026-05-13--23-03-36 ERROR surfpool::cli::simnet] Transaction simulation failed: Blockhash not found
[2026-05-13--23-03-36 ERROR surfpool::cli::simnet] Transaction simulation failed: Blockhash not found
[2026-05-13--23-03-36 ERROR surfpool::cli::simnet] Transaction simulation failed: Blockhash not found
[2026-05-13--23-03-36 ERROR surfpool::cli::simnet] Transaction simulation failed: Blockhash not found
[2026-05-13--23-03-36 ERROR surfpool::cli::simnet] Transaction simulation failed: Blockhash not found
[2026-05-13--23-03-36 ERROR surfpool::cli::simnet] Transaction simulation failed: Blockhash not found
[2026-05-13--23-03-37 ERROR surfpool::cli::simnet] Transaction simulation failed: Blockhash not found
[2026-05-13--23-03-37 ERROR surfpool::cli::simnet] Transaction simulation failed: Blockhash not found
[2026-05-13--23-03-37 ERROR surfpool::cli::simnet] Transaction simulation failed: Blockhash not found
[2026-05-13--23-03-37 ERROR surfpool::cli::simnet] Transaction simulation failed: Blockhash not found
[2026-05-13--23-03-37 ERROR surfpool::cli::simnet] Transaction simulation failed: Blockhash not found
[2026-05-13--23-03-37 ERROR surfpool::cli::simnet] Transaction simulation failed: Blockhash not found
[2026-05-13--23-03-37 ERROR surfpool::cli::simnet] Transaction simulation failed: Blockhash not found
[2026-05-13--23-03-37 ERROR surfpool::cli::simnet] Transaction simulation failed: Blockhash not found
[2026-05-13--23-03-37 ERROR surfpool::cli::simnet] Transaction simulation failed: Blockhash not found
[2026-05-13--23-03-37 ERROR surfpool::cli::simnet] Transaction simulation failed: Blockhash not found
[2026-05-13--23-03-37 ERROR surfpool::cli::simnet] Transaction simulation failed: Blockhash not found
[2026-05-13--23-03-38 ERROR surfpool::cli::simnet] Transaction simulation failed: Blockhash not found
[2026-05-13--23-03-38 ERROR surfpool::cli::simnet] Transaction simulation failed: Blockhash not found
[2026-05-13--23-03-38 ERROR surfpool::cli::simnet] Transaction simulation failed: Blockhash not found
[2026-05-13--23-03-38 ERROR surfpool::cli::simnet] Transaction simulation failed: Blockhash not found
[2026-05-13--23-03-38 ERROR surfpool::cli::simnet] Transaction simulation failed: Blockhash not found
[2026-05-13--23-03-38 ERROR surfpool::cli::simnet] Transaction simulation failed: Blockhash not found
[2026-05-13--23-03-38 ERROR surfpool::cli::simnet] Transaction simulation failed: Blockhash not found
[2026-05-13--23-03-38 ERROR surfpool::cli::simnet] Transaction simulation failed: Blockhash not found
[2026-05-13--23-03-38 ERROR surfpool::cli::simnet] Transaction simulation failed: Blockhash not found
[2026-05-13--23-03-38 ERROR surfpool::cli::simnet] Transaction simulation failed: Blockhash not found
[2026-05-13--23-03-39 ERROR surfpool::cli::simnet] Transaction simulation failed: Blockhash not found
[2026-05-13--23-03-39 ERROR surfpool::cli::simnet] Transaction simulation failed: Blockhash not found
[2026-05-13--23-03-39 ERROR surfpool::cli::simnet] Transaction simulation failed: Blockhash not found
[2026-05-13--23-03-39 ERROR surfpool::cli::simnet] Transaction simulation failed: Blockhash not found
[2026-05-13--23-03-39 ERROR surfpool::cli::simnet] Transaction simulation failed: Blockhash not found
[2026-05-13--23-03-39 ERROR surfpool::cli::simnet] Transaction simulation failed: Blockhash not found
[2026-05-13--23-03-39 ERROR surfpool::cli::simnet] Transaction simulation failed: Blockhash not found
[2026-05-13--23-03-39 ERROR surfpool::cli::simnet] Transaction simulation failed: Blockhash not found
[2026-05-13--23-03-39 ERROR surfpool::cli::simnet] Transaction simulation failed: Blockhash not found
[2026-05-13--23-03-39 ERROR surfpool::cli::simnet] Transaction simulation failed: Blockhash not found
[2026-05-13--23-03-39 ERROR surfpool::cli::simnet] Transaction simulation failed: Blockhash not found
[2026-05-13--23-03-39 ERROR surfpool::cli::simnet] Transaction simulation failed: Blockhash not found
[2026-05-13--23-03-39 ERROR surfpool::cli::simnet] Transaction simulation failed: Blockhash not found
[2026-05-13--23-03-40 ERROR surfpool::cli::simnet] Transaction simulation failed: Blockhash not found
[2026-05-13--23-03-40 ERROR surfpool::cli::simnet] Transaction simulation failed: Blockhash not found
[2026-05-13--23-03-40 ERROR surfpool::cli::simnet] Transaction simulation failed: Blockhash not found
[2026-05-13--23-03-40 ERROR surfpool::cli::simnet] Transaction simulation failed: Blockhash not found
[2026-05-13--23-03-40 ERROR surfpool::cli::simnet] Transaction simulation failed: Blockhash not found
[2026-05-13--23-03-40 ERROR surfpool::cli::simnet] Transaction simulation failed: Blockhash not found
[2026-05-13--23-03-40 ERROR surfpool::cli::simnet] Transaction simulation failed: Blockhash not found
[2026-05-13--23-03-40 ERROR surfpool::cli::simnet] Transaction simulation failed: Blockhash not found
[2026-05-13--23-03-40 ERROR surfpool::cli::simnet] Transaction simulation failed: Blockhash not found
[2026-05-13--23-03-40 ERROR surfpool::cli::simnet] Transaction simulation failed: Blockhash not found
[2026-05-13--23-03-40 ERROR surfpool::cli::simnet] Transaction simulation failed: Blockhash not found
[2026-05-13--23-03-40 ERROR surfpool::cli::simnet] Transaction simulation failed: Blockhash not found
[2026-05-13--23-03-40 ERROR surfpool::cli::simnet] Transaction simulation failed: Blockhash not found
[2026-05-13--23-03-40 ERROR surfpool::cli::simnet] Transaction simulation failed: Blockhash not found
[2026-05-13--23-03-41 ERROR surfpool::cli::simnet] Transaction simulation failed: Blockhash not found
[2026-05-13--23-03-41 ERROR surfpool::cli::simnet] Transaction simulation failed: Blockhash not found
[2026-05-13--23-03-41 ERROR surfpool::cli::simnet] Transaction simulation failed: Blockhash not found
[2026-05-13--23-03-41 ERROR surfpool::cli::simnet] Transaction simulation failed: Blockhash not found
[2026-05-13--23-03-41 ERROR surfpool::cli::simnet] Transaction simulation failed: Blockhash not found
[2026-05-13--23-03-41 ERROR surfpool::cli::simnet] Transaction simulation failed: Blockhash not found
[2026-05-13--23-03-41 ERROR surfpool::cli::simnet] Transaction simulation failed: Blockhash not found
[2026-05-13--23-03-41 ERROR surfpool::cli::simnet] Transaction simulation failed: Blockhash not found
[2026-05-13--23-03-41 ERROR surfpool::cli::simnet] Transaction simulation failed: Blockhash not found
[2026-05-13--23-03-41 ERROR surfpool::cli::simnet] Transaction simulation failed: Blockhash not found
[2026-05-13--23-03-47 ERROR surfpool::cli::simnet] Transaction simulation failed: Blockhash not found
[2026-05-13--23-03-47 ERROR surfpool::cli::simnet] Transaction simulation failed: Blockhash not found
[2026-05-13--23-03-47 ERROR surfpool::cli::simnet] Transaction simulation failed: Blockhash not found
[2026-05-13--23-03-47 ERROR surfpool::cli::simnet] Transaction simulation failed: Blockhash not found
[2026-05-13--23-03-47 ERROR surfpool::cli::simnet] Transaction simulation failed: Blockhash not found
[2026-05-13--23-03-47 ERROR surfpool::cli::simnet] Transaction simulation failed: Blockhash not found
[2026-05-13--23-03-48 ERROR surfpool::cli::simnet] Transaction simulation failed: Blockhash not found
[2026-05-13--23-03-48 ERROR surfpool::cli::simnet] Transaction simulation failed: Blockhash not found
[2026-05-13--23-03-48 ERROR surfpool::cli::simnet] Transaction simulation failed: Blockhash not found
[2026-05-13--23-03-48 ERROR surfpool::cli::simnet] Transaction simulation failed: Blockhash not found
[2026-05-13--23-03-48 ERROR surfpool::cli::simnet] Transaction simulation failed: Blockhash not found
[2026-05-13--23-03-48 ERROR surfpool::cli::simnet] Transaction simulation failed: Blockhash not found
[2026-05-13--23-03-48 ERROR surfpool::cli::simnet] Transaction simulation failed: Blockhash not found
[2026-05-13--23-03-49 ERROR surfpool::cli::simnet] Transaction simulation failed: Blockhash not found
[2026-05-13--23-03-49 ERROR surfpool::cli::simnet] Transaction simulation failed: Blockhash not found
[2026-05-13--23-03-49 ERROR surfpool::cli::simnet] Transaction simulation failed: Blockhash not found
[2026-05-13--23-03-49 ERROR surfpool::cli::simnet] Transaction simulation failed: Blockhash not found
[2026-05-13--23-03-49 ERROR surfpool::cli::simnet] Transaction simulation failed: Blockhash not found
[2026-05-13--23-03-50 ERROR surfpool::cli::simnet] Transaction simulation failed: Blockhash not found
[2026-05-13--23-03-50 ERROR surfpool::cli::simnet] Transaction simulation failed: Blockhash not found
[2026-05-13--23-03-50 ERROR surfpool::cli::simnet] Transaction simulation failed: Blockhash not found
[2026-05-13--23-03-50 ERROR surfpool::cli::simnet] Transaction simulation failed: Blockhash not found
[2026-05-13--23-03-50 ERROR surfpool::cli::simnet] Transaction simulation failed: Blockhash not found
[2026-05-13--23-03-50 ERROR surfpool::cli::simnet] Transaction simulation failed: Blockhash not found
[2026-05-13--23-03-50 ERROR surfpool::cli::simnet] Transaction simulation failed: Blockhash not found
[2026-05-13--23-03-50 ERROR surfpool::cli::simnet] Transaction simulation failed: Blockhash not found
[2026-05-13--23-03-50 ERROR surfpool::cli::simnet] Transaction simulation failed: Blockhash not found
[2026-05-13--23-03-51 ERROR surfpool::cli::simnet] Transaction simulation failed: Blockhash not found
[2026-05-13--23-03-51 ERROR surfpool::cli::simnet] Transaction simulation failed: Blockhash not found
[2026-05-13--23-03-51 ERROR surfpool::cli::simnet] Transaction simulation failed: Blockhash not found
[2026-05-13--23-03-51 ERROR surfpool::cli::simnet] Transaction simulation failed: Blockhash not found
[2026-05-13--23-03-51 ERROR surfpool::cli::simnet] Transaction simulation failed: Blockhash not found
[2026-05-13--23-03-51 ERROR surfpool::cli::simnet] Transaction simulation failed: Blockhash not found
[2026-05-13--23-03-51 ERROR surfpool::cli::simnet] Transaction simulation failed: Blockhash not found
[2026-05-13--23-03-51 ERROR surfpool::cli::simnet] Transaction simulation failed: Blockhash not found
[2026-05-13--23-03-51 ERROR surfpool::cli::simnet] Transaction simulation failed: Blockhash not found
[2026-05-13--23-03-51 ERROR surfpool::cli::simnet] Transaction simulation failed: Blockhash not found
[2026-05-13--23-03-52 ERROR surfpool::cli::simnet] Transaction simulation failed: Blockhash not found
[2026-05-13--23-03-52 ERROR surfpool::cli::simnet] Transaction simulation failed: Blockhash not found
[2026-05-13--23-03-58 ERROR surfpool::cli::simnet] Transaction simulation failed: Blockhash not found
[2026-05-13--23-03-58 ERROR surfpool::cli::simnet] Transaction simulation failed: Blockhash not found
[2026-05-13--23-03-59 ERROR surfpool::cli::simnet] Transaction simulation failed: Blockhash not found
[2026-05-13--23-03-59 ERROR surfpool::cli::simnet] Transaction simulation failed: Blockhash not found
[2026-05-13--23-03-59 ERROR surfpool::cli::simnet] Transaction simulation failed: Blockhash not found
[2026-05-13--23-03-59 ERROR surfpool::cli::simnet] Transaction simulation failed: Blockhash not found
[2026-05-13--23-03-59 ERROR surfpool::cli::simnet] Transaction simulation failed: Blockhash not found
[2026-05-13--23-03-59 ERROR surfpool::cli::simnet] Transaction simulation failed: Blockhash not found
[2026-05-13--23-03-59 ERROR surfpool::cli::simnet] Transaction simulation failed: Blockhash not found
[2026-05-13--23-03-59 ERROR surfpool::cli::simnet] Transaction simulation failed: Blockhash not found
[2026-05-13--23-03-59 ERROR surfpool::cli::simnet] Transaction simulation failed: Blockhash not found
[2026-05-13--23-03-59 ERROR surfpool::cli::simnet] Transaction simulation failed: Blockhash not found
[2026-05-13--23-04-00 ERROR surfpool::cli::simnet] Transaction simulation failed: Blockhash not found
[2026-05-13--23-04-00 ERROR surfpool::cli::simnet] Transaction simulation failed: Blockhash not found
[2026-05-13--23-04-00 ERROR surfpool::cli::simnet] Transaction simulation failed: Blockhash not found
[2026-05-13--23-04-00 ERROR surfpool::cli::simnet] Transaction simulation failed: Blockhash not found
[2026-05-13--23-04-00 ERROR surfpool::cli::simnet] Transaction simulation failed: Blockhash not found
[2026-05-13--23-04-00 ERROR surfpool::cli::simnet] Transaction simulation failed: Blockhash not found
[2026-05-13--23-04-00 ERROR surfpool::cli::simnet] Transaction simulation failed: Blockhash not found
[2026-05-13--23-04-00 ERROR surfpool::cli::simnet] Transaction simulation failed: Blockhash not found
[2026-05-13--23-04-00 ERROR surfpool::cli::simnet] Transaction simulation failed: Blockhash not found
[2026-05-13--23-04-00 ERROR surfpool::cli::simnet] Transaction simulation failed: Blockhash not found
[2026-05-13--23-04-01 ERROR surfpool::cli::simnet] Transaction simulation failed: Blockhash not found
[2026-05-13--23-04-01 ERROR surfpool::cli::simnet] Transaction simulation failed: Blockhash not found
[2026-05-13--23-04-01 ERROR surfpool::cli::simnet] Transaction simulation failed: Blockhash not found
[2026-05-13--23-04-01 ERROR surfpool::cli::simnet] Transaction simulation failed: Blockhash not found
[2026-05-13--23-04-01 ERROR surfpool::cli::simnet] Transaction simulation failed: Blockhash not found
[2026-05-13--23-04-01 ERROR surfpool::cli::simnet] Transaction simulation failed: Blockhash not found
[2026-05-13--23-04-01 ERROR surfpool::cli::simnet] Transaction simulation failed: Blockhash not found
[2026-05-13--23-04-01 ERROR surfpool::cli::simnet] Transaction simulation failed: Blockhash not found
[2026-05-13--23-04-01 ERROR surfpool::cli::simnet] Transaction simulation failed: Blockhash not found
[2026-05-13--23-04-02 ERROR surfpool::cli::simnet] Transaction simulation failed: Blockhash not found
[2026-05-13--23-04-02 ERROR surfpool::cli::simnet] Transaction simulation failed: Blockhash not found
[2026-05-13--23-04-02 ERROR surfpool::cli::simnet] Transaction simulation failed: Blockhash not found
[2026-05-13--23-04-02 ERROR surfpool::cli::simnet] Transaction simulation failed: Blockhash not found
[2026-05-13--23-04-02 ERROR surfpool::cli::simnet] Transaction simulation failed: Blockhash not found
[2026-05-13--23-04-02 ERROR surfpool::cli::simnet] Transaction simulation failed: Blockhash not found
[2026-05-13--23-04-02 ERROR surfpool::cli::simnet] Transaction simulation failed: Blockhash not found
[2026-05-13--23-04-02 ERROR surfpool::cli::simnet] Transaction simulation failed: Blockhash not found
[2026-05-13--23-04-02 ERROR surfpool::cli::simnet] Transaction simulation failed: Blockhash not found
[2026-05-13--23-04-02 ERROR surfpool::cli::simnet] Transaction simulation failed: Blockhash not found
[2026-05-13--23-04-02 ERROR surfpool::cli::simnet] Transaction simulation failed: Blockhash not found
[2026-05-13--23-04-03 ERROR surfpool::cli::simnet] Transaction simulation failed: Blockhash not found
[2026-05-13--23-04-03 ERROR surfpool::cli::simnet] Transaction simulation failed: Blockhash not found
[2026-05-13--23-04-03 ERROR surfpool::cli::simnet] Transaction simulation failed: Blockhash not found
[2026-05-13--23-04-03 ERROR surfpool::cli::simnet] Transaction simulation failed: Blockhash not found
[2026-05-13--23-04-03 ERROR surfpool::cli::simnet] Transaction simulation failed: Blockhash not found
[2026-05-13--23-04-03 ERROR surfpool::cli::simnet] Transaction simulation failed: Blockhash not found
[2026-05-13--23-04-03 ERROR surfpool::cli::simnet] Transaction simulation failed: Blockhash not found
[2026-05-13--23-04-03 ERROR surfpool::cli::simnet] Transaction simulation failed: Blockhash not found
[2026-05-13--23-04-04 ERROR surfpool::cli::simnet] Transaction simulation failed: Blockhash not found
[2026-05-13--23-04-04 ERROR surfpool::cli::simnet] Transaction simulation failed: Blockhash not found
[2026-05-13--23-04-04 ERROR surfpool::cli::simnet] Transaction simulation failed: Blockhash not found
[2026-05-13--23-04-04 ERROR surfpool::cli::simnet] Transaction simulation failed: Blockhash not found
[2026-05-13--23-04-04 ERROR surfpool::cli::simnet] Transaction simulation failed: Blockhash not found
[2026-05-13--23-04-04 ERROR surfpool::cli::simnet] Transaction simulation failed: Blockhash not found
[2026-05-13--23-04-04 ERROR surfpool::cli::simnet] Transaction simulation failed: Blockhash not found
[2026-05-13--23-04-04 ERROR surfpool::cli::simnet] Transaction simulation failed: Blockhash not found
[2026-05-13--23-04-05 ERROR surfpool::cli::simnet] Transaction simulation failed: Blockhash not found
[2026-05-13--23-04-05 ERROR surfpool::cli::simnet] Transaction simulation failed: Blockhash not found
[2026-05-13--23-04-05 ERROR surfpool::cli::simnet] Transaction simulation failed: Blockhash not found
[2026-05-13--23-04-05 ERROR surfpool::cli::simnet] Transaction simulation failed: Blockhash not found
[2026-05-13--23-04-05 ERROR surfpool::cli::simnet] Transaction simulation failed: Blockhash not found
[2026-05-13--23-04-05 ERROR surfpool::cli::simnet] Transaction simulation failed: Blockhash not found
[2026-05-13--23-04-05 ERROR surfpool::cli::simnet] Transaction simulation failed: Blockhash not found
[2026-05-13--23-04-05 ERROR surfpool::cli::simnet] Transaction simulation failed: Blockhash not found
[2026-05-13--23-04-05 ERROR surfpool::cli::simnet] Transaction simulation failed: Blockhash not found
[2026-05-13--23-04-05 ERROR surfpool::cli::simnet] Transaction simulation failed: Blockhash not found
[2026-05-13--23-04-06 ERROR surfpool::cli::simnet] Transaction simulation failed: Blockhash not found
[2026-05-13--23-04-06 ERROR surfpool::cli::simnet] Transaction simulation failed: Blockhash not found
[2026-05-13--23-04-06 ERROR surfpool::cli::simnet] Transaction simulation failed: Blockhash not found
[2026-05-13--23-04-06 ERROR surfpool::cli::simnet] Transaction simulation failed: Blockhash not found
[2026-05-13--23-04-06 ERROR surfpool::cli::simnet] Transaction simulation failed: Blockhash not found
[2026-05-13--23-04-06 ERROR surfpool::cli::simnet] Transaction simulation failed: Blockhash not found
[2026-05-13--23-04-06 ERROR surfpool::cli::simnet] Transaction simulation failed: Blockhash not found
[2026-05-13--23-04-07 ERROR surfpool::cli::simnet] Transaction simulation failed: Blockhash not found
[2026-05-13--23-04-07 ERROR surfpool::cli::simnet] Transaction simulation failed: Blockhash not found
[2026-05-13--23-04-07 ERROR surfpool::cli::simnet] Transaction simulation failed: Blockhash not found
[2026-05-13--23-04-07 ERROR surfpool::cli::simnet] Transaction simulation failed: Blockhash not found
[2026-05-13--23-04-07 ERROR surfpool::cli::simnet] Transaction simulation failed: Blockhash not found
[2026-05-13--23-04-07 ERROR surfpool::cli::simnet] Transaction simulation failed: Blockhash not found
[2026-05-13--23-04-07 ERROR surfpool::cli::simnet] Transaction simulation failed: Blockhash not found
[2026-05-13--23-04-07 ERROR surfpool::cli::simnet] Transaction simulation failed: Blockhash not found
[2026-05-13--23-04-07 ERROR surfpool::cli::simnet] Transaction simulation failed: Blockhash not found
[2026-05-13--23-04-07 ERROR surfpool::cli::simnet] Transaction simulation failed: Blockhash not found
[2026-05-13--23-04-08 ERROR surfpool::cli::simnet] Transaction simulation failed: Blockhash not found
[2026-05-13--23-04-08 ERROR surfpool::cli::simnet] Transaction simulation failed: Blockhash not found
[2026-05-13--23-04-08 ERROR surfpool::cli::simnet] Transaction simulation failed: Blockhash not found
[2026-05-13--23-04-08 ERROR surfpool::cli::simnet] Transaction simulation failed: Blockhash not found
[2026-05-13--23-04-08 ERROR surfpool::cli::simnet] Transaction simulation failed: Blockhash not found
[2026-05-13--23-04-08 ERROR surfpool::cli::simnet] Transaction simulation failed: Blockhash not found
[2026-05-13--23-04-08 ERROR surfpool::cli::simnet] Transaction simulation failed: Blockhash not found
[2026-05-13--23-04-08 ERROR surfpool::cli::simnet] Transaction simulation failed: Blockhash not found
[2026-05-13--23-04-08 ERROR surfpool::cli::simnet] Transaction simulation failed: Blockhash not found
[2026-05-13--23-04-08 ERROR surfpool::cli::simnet] Transaction simulation failed: Blockhash not found
[2026-05-13--23-04-09 ERROR surfpool::cli::simnet] Transaction simulation failed: Blockhash not found
[2026-05-13--23-04-09 ERROR surfpool::cli::simnet] Transaction simulation failed: Blockhash not found
[2026-05-13--23-04-09 ERROR surfpool::cli::simnet] Transaction simulation failed: Blockhash not found
[2026-05-13--23-04-09 ERROR surfpool::cli::simnet] Transaction simulation failed: Blockhash not found
[2026-05-13--23-04-09 ERROR surfpool::cli::simnet] Transaction simulation failed: Blockhash not found
[2026-05-13--23-04-09 ERROR surfpool::cli::simnet] Transaction simulation failed: Blockhash not found
[2026-05-13--23-04-09 ERROR surfpool::cli::simnet] Transaction simulation failed: Blockhash not found
[2026-05-13--23-04-09 ERROR surfpool::cli::simnet] Transaction simulation failed: Blockhash not found
[2026-05-13--23-04-09 ERROR surfpool::cli::simnet] Transaction simulation failed: Blockhash not found
[2026-05-13--23-04-09 ERROR surfpool::cli::simnet] Transaction simulation failed: Blockhash not found
[2026-05-13--23-04-10 ERROR surfpool::cli::simnet] Transaction simulation failed: Blockhash not found
[2026-05-13--23-04-10 ERROR surfpool::cli::simnet] Transaction simulation failed: Blockhash not found
[2026-05-13--23-04-10 ERROR surfpool::cli::simnet] Transaction simulation failed: Blockhash not found
[2026-05-13--23-04-10 ERROR surfpool::cli::simnet] Transaction simulation failed: Blockhash not found
[2026-05-13--23-04-10 ERROR surfpool::cli::simnet] Transaction simulation failed: Blockhash not found
[2026-05-13--23-04-10 ERROR surfpool::cli::simnet] Transaction simulation failed: Blockhash not found
[2026-05-13--23-04-10 ERROR surfpool::cli::simnet] Transaction simulation failed: Blockhash not found
[2026-05-13--23-04-10 ERROR surfpool::cli::simnet] Transaction simulation failed: Blockhash not found
[2026-05-13--23-04-10 ERROR surfpool::cli::simnet] Transaction simulation failed: Blockhash not found
[2026-05-13--23-04-10 ERROR surfpool::cli::simnet] Transaction simulation failed: Blockhash not found
[2026-05-13--23-04-10 ERROR surfpool::cli::simnet] Transaction simulation failed: Blockhash not found
[2026-05-13--23-04-10 ERROR surfpool::cli::simnet] Transaction simulation failed: Blockhash not found
[2026-05-13--23-04-11 ERROR surfpool::cli::simnet] Transaction simulation failed: Blockhash not found
[2026-05-13--23-04-11 ERROR surfpool::cli::simnet] Transaction simulation failed: Blockhash not found
[2026-05-13--23-04-11 ERROR surfpool::cli::simnet] Transaction simulation failed: Blockhash not found
[2026-05-13--23-04-11 ERROR surfpool::cli::simnet] Transaction simulation failed: Blockhash not found
[2026-05-13--23-04-11 ERROR surfpool::cli::simnet] Transaction simulation failed: Blockhash not found
[2026-05-13--23-04-11 ERROR surfpool::cli::simnet] Transaction simulation failed: Blockhash not found
[2026-05-13--23-04-11 ERROR surfpool::cli::simnet] Transaction simulation failed: Blockhash not found
[2026-05-13--23-04-11 ERROR surfpool::cli::simnet] Transaction simulation failed: Blockhash not found
[2026-05-13--23-04-11 ERROR surfpool::cli::simnet] Transaction simulation failed: Blockhash not found
[2026-05-13--23-04-11 ERROR surfpool::cli::simnet] Transaction simulation failed: Blockhash not found
[2026-05-13--23-04-12 ERROR surfpool::cli::simnet] Transaction simulation failed: Blockhash not found
[2026-05-13--23-04-12 ERROR surfpool::cli::simnet] Transaction simulation failed: Blockhash not found
[2026-05-13--23-04-12 ERROR surfpool::cli::simnet] Transaction simulation failed: Blockhash not found
[2026-05-13--23-04-12 ERROR surfpool::cli::simnet] Transaction simulation failed: Blockhash not found
[2026-05-13--23-04-12 ERROR surfpool::cli::simnet] Transaction simulation failed: Blockhash not found
[2026-05-13--23-04-12 ERROR surfpool::cli::simnet] Transaction simulation failed: Blockhash not found
[2026-05-13--23-04-12 ERROR surfpool::cli::simnet] Transaction simulation failed: Blockhash not found
[2026-05-13--23-04-12 ERROR surfpool::cli::simnet] Transaction simulation failed: Blockhash not found
[2026-05-13--23-04-12 ERROR surfpool::cli::simnet] Transaction simulation failed: Blockhash not found
[2026-05-13--23-04-17 ERROR surfpool::cli::simnet] Transaction simulation failed: Blockhash not found
[2026-05-13--23-04-32 ERROR surfpool::cli::simnet] Transaction simulation failed: Blockhash not found
[2026-05-13--23-04-32 ERROR surfpool::cli::simnet] Transaction simulation failed: Blockhash not found
[2026-05-13--23-04-32 ERROR surfpool::cli::simnet] Transaction simulation failed: Blockhash not found
[2026-05-13--23-04-32 ERROR surfpool::cli::simnet] Transaction simulation failed: Blockhash not found
[2026-05-13--23-04-32 ERROR surfpool::cli::simnet] Transaction simulation failed: Blockhash not found
[2026-05-13--23-04-32 ERROR surfpool::cli::simnet] Transaction simulation failed: Blockhash not found
[2026-05-13--23-04-32 ERROR surfpool::cli::simnet] Transaction simulation failed: Blockhash not found
[2026-05-13--23-04-32 ERROR surfpool::cli::simnet] Transaction simulation failed: Blockhash not found
[2026-05-13--23-04-32 ERROR surfpool::cli::simnet] Transaction simulation failed: Blockhash not found
[2026-05-13--23-04-32 ERROR surfpool::cli::simnet] Transaction simulation failed: Blockhash not found
[2026-05-13--23-04-33 ERROR surfpool::cli::simnet] Transaction simulation failed: Blockhash not found
[2026-05-13--23-04-33 ERROR surfpool::cli::simnet] Transaction simulation failed: Blockhash not found
[2026-05-13--23-04-33 ERROR surfpool::cli::simnet] Transaction simulation failed: Blockhash not found
[2026-05-13--23-04-33 ERROR surfpool::cli::simnet] Transaction simulation failed: Blockhash not found
[2026-05-13--23-04-33 ERROR surfpool::cli::simnet] Transaction simulation failed: Blockhash not found
[2026-05-13--23-04-33 ERROR surfpool::cli::simnet] Transaction simulation failed: Blockhash not found
[2026-05-13--23-04-33 ERROR surfpool::cli::simnet] Transaction simulation failed: Blockhash not found
[2026-05-13--23-04-33 ERROR surfpool::cli::simnet] Transaction simulation failed: Blockhash not found
[2026-05-13--23-04-33 ERROR surfpool::cli::simnet] Transaction simulation failed: Blockhash not found
[2026-05-13--23-04-34 ERROR surfpool::cli::simnet] Transaction simulation failed: Blockhash not found
[2026-05-13--23-04-34 ERROR surfpool::cli::simnet] Transaction simulation failed: Blockhash not found
[2026-05-13--23-04-34 ERROR surfpool::cli::simnet] Transaction simulation failed: Blockhash not found
[2026-05-13--23-04-34 ERROR surfpool::cli::simnet] Transaction simulation failed: Blockhash not found
[2026-05-13--23-04-34 ERROR surfpool::cli::simnet] Transaction simulation failed: Blockhash not found
[2026-05-13--23-04-34 ERROR surfpool::cli::simnet] Transaction simulation failed: Blockhash not found
[2026-05-13--23-04-34 ERROR surfpool::cli::simnet] Transaction simulation failed: Blockhash not found
[2026-05-13--23-04-34 ERROR surfpool::cli::simnet] Transaction simulation failed: Blockhash not found
[2026-05-13--23-04-34 ERROR surfpool::cli::simnet] Transaction simulation failed: Blockhash not found
[2026-05-13--23-04-35 ERROR surfpool::cli::simnet] Transaction simulation failed: Blockhash not found
[2026-05-13--23-04-35 ERROR surfpool::cli::simnet] Transaction simulation failed: Blockhash not found
[2026-05-13--23-04-35 ERROR surfpool::cli::simnet] Transaction simulation failed: Blockhash not found
[2026-05-13--23-04-35 ERROR surfpool::cli::simnet] Transaction simulation failed: Blockhash not found
[2026-05-13--23-04-35 ERROR surfpool::cli::simnet] Transaction simulation failed: Blockhash not found
[2026-05-13--23-04-35 ERROR surfpool::cli::simnet] Transaction simulation failed: Blockhash not found
[2026-05-13--23-04-35 ERROR surfpool::cli::simnet] Transaction simulation failed: Blockhash not found
[2026-05-13--23-04-35 ERROR surfpool::cli::simnet] Transaction simulation failed: Blockhash not found
[2026-05-13--23-04-35 ERROR surfpool::cli::simnet] Transaction simulation failed: Blockhash not found
[2026-05-13--23-04-36 ERROR surfpool::cli::simnet] Transaction simulation failed: Blockhash not found
[2026-05-13--23-04-36 ERROR surfpool::cli::simnet] Transaction simulation failed: Blockhash not found
[2026-05-13--23-04-36 ERROR surfpool::cli::simnet] Transaction simulation failed: Blockhash not found
[2026-05-13--23-04-36 ERROR surfpool::cli::simnet] Transaction simulation failed: Blockhash not found
[2026-05-13--23-04-36 ERROR surfpool::cli::simnet] Transaction simulation failed: Blockhash not found
[2026-05-13--23-04-36 ERROR surfpool::cli::simnet] Transaction simulation failed: Blockhash not found
[2026-05-13--23-04-36 ERROR surfpool::cli::simnet] Transaction simulation failed: Blockhash not found
[2026-05-13--23-04-37 ERROR surfpool::cli::simnet] Transaction simulation failed: Blockhash not found
[2026-05-13--23-04-37 ERROR surfpool::cli::simnet] Transaction simulation failed: Blockhash not found
[2026-05-13--23-04-37 ERROR surfpool::cli::simnet] Transaction simulation failed: Blockhash not found
[2026-05-13--23-04-37 ERROR surfpool::cli::simnet] Transaction simulation failed: Blockhash not found
[2026-05-13--23-04-37 ERROR surfpool::cli::simnet] Transaction simulation failed: Blockhash not found
[2026-05-13--23-04-37 ERROR surfpool::cli::simnet] Transaction simulation failed: Blockhash not found
[2026-05-13--23-04-37 ERROR surfpool::cli::simnet] Transaction simulation failed: Blockhash not found
[2026-05-13--23-04-37 ERROR surfpool::cli::simnet] Transaction simulation failed: Blockhash not found
[2026-05-13--23-04-38 ERROR surfpool::cli::simnet] Transaction simulation failed: Blockhash not found
[2026-05-13--23-04-38 ERROR surfpool::cli::simnet] Transaction simulation failed: Blockhash not found
[2026-05-13--23-04-38 ERROR surfpool::cli::simnet] Transaction simulation failed: Blockhash not found
[2026-05-13--23-04-38 ERROR surfpool::cli::simnet] Transaction simulation failed: Blockhash not found
[2026-05-13--23-04-38 ERROR surfpool::cli::simnet] Transaction simulation failed: Blockhash not found
[2026-05-13--23-04-38 ERROR surfpool::cli::simnet] Transaction simulation failed: Blockhash not found
[2026-05-13--23-04-38 ERROR surfpool::cli::simnet] Transaction simulation failed: Blockhash not found
[2026-05-13--23-04-38 ERROR surfpool::cli::simnet] Transaction simulation failed: Blockhash not found
[2026-05-13--23-04-38 ERROR surfpool::cli::simnet] Transaction simulation failed: Blockhash not found
[2026-05-13--23-04-38 ERROR surfpool::cli::simnet] Transaction simulation failed: Blockhash not found
[2026-05-13--23-04-39 ERROR surfpool::cli::simnet] Transaction simulation failed: Blockhash not found
[2026-05-13--23-04-39 ERROR surfpool::cli::simnet] Transaction simulation failed: Blockhash not found
[2026-05-13--23-04-39 ERROR surfpool::cli::simnet] Transaction simulation failed: Blockhash not found
[2026-05-13--23-04-39 ERROR surfpool::cli::simnet] Transaction simulation failed: Blockhash not found
[2026-05-13--23-04-39 ERROR surfpool::cli::simnet] Transaction simulation failed: Blockhash not found
[2026-05-13--23-04-39 ERROR surfpool::cli::simnet] Transaction simulation failed: Blockhash not found
[2026-05-13--23-04-39 ERROR surfpool::cli::simnet] Transaction simulation failed: Blockhash not found
[2026-05-13--23-04-39 ERROR surfpool::cli::simnet] Transaction simulation failed: Blockhash not found
[2026-05-13--23-04-40 ERROR surfpool::cli::simnet] Transaction simulation failed: Blockhash not found
[2026-05-13--23-04-40 ERROR surfpool::cli::simnet] Transaction simulation failed: Blockhash not found
[2026-05-13--23-04-40 ERROR surfpool::cli::simnet] Transaction simulation failed: Blockhash not found
[2026-05-13--23-04-40 ERROR surfpool::cli::simnet] Transaction simulation failed: Blockhash not found
[2026-05-13--23-04-40 ERROR surfpool::cli::simnet] Transaction simulation failed: Blockhash not found
[2026-05-13--23-04-40 ERROR surfpool::cli::simnet] Transaction simulation failed: Blockhash not found
[2026-05-13--23-04-40 ERROR surfpool::cli::simnet] Transaction simulation failed: Blockhash not found
[2026-05-13--23-04-40 ERROR surfpool::cli::simnet] Transaction simulation failed: Blockhash not found
[2026-05-13--23-04-40 ERROR surfpool::cli::simnet] Transaction simulation failed: Blockhash not found
[2026-05-13--23-04-40 ERROR surfpool::cli::simnet] Transaction simulation failed: Blockhash not found
[2026-05-13--23-04-41 ERROR surfpool::cli::simnet] Transaction simulation failed: Blockhash not found
[2026-05-13--23-04-41 ERROR surfpool::cli::simnet] Transaction simulation failed: Blockhash not found
[2026-05-13--23-04-41 ERROR surfpool::cli::simnet] Transaction simulation failed: Blockhash not found
[2026-05-13--23-04-41 ERROR surfpool::cli::simnet] Transaction simulation failed: Blockhash not found
[2026-05-13--23-04-41 ERROR surfpool::cli::simnet] Transaction simulation failed: Blockhash not found
[2026-05-13--23-04-41 ERROR surfpool::cli::simnet] Transaction simulation failed: Blockhash not found
[2026-05-13--23-04-41 ERROR surfpool::cli::simnet] Transaction simulation failed: Blockhash not found
[2026-05-13--23-04-41 ERROR surfpool::cli::simnet] Transaction simulation failed: Blockhash not found
[2026-05-13--23-04-41 ERROR surfpool::cli::simnet] Transaction simulation failed: Blockhash not found
[2026-05-13--23-04-42 ERROR surfpool::cli::simnet] Transaction simulation failed: Blockhash not found
[2026-05-13--23-04-42 ERROR surfpool::cli::simnet] Transaction simulation failed: Blockhash not found
[2026-05-13--23-04-42 ERROR surfpool::cli::simnet] Transaction simulation failed: Blockhash not found
[2026-05-13--23-04-42 ERROR surfpool::cli::simnet] Transaction simulation failed: Blockhash not found
[2026-05-13--23-04-42 ERROR surfpool::cli::simnet] Transaction simulation failed: Blockhash not found
[2026-05-13--23-04-42 ERROR surfpool::cli::simnet] Transaction simulation failed: Blockhash not found
[2026-05-13--23-04-42 ERROR surfpool::cli::simnet] Transaction simulation failed: Blockhash not found
[2026-05-13--23-04-42 ERROR surfpool::cli::simnet] Transaction simulation failed: Blockhash not found
[2026-05-13--23-04-42 ERROR surfpool::cli::simnet] Transaction simulation failed: Blockhash not found
[2026-05-13--23-04-42 ERROR surfpool::cli::simnet] Transaction simulation failed: Blockhash not found
[2026-05-13--23-04-43 ERROR surfpool::cli::simnet] Transaction simulation failed: Blockhash not found
[2026-05-13--23-04-43 ERROR surfpool::cli::simnet] Transaction simulation failed: Blockhash not found
[2026-05-13--23-04-43 ERROR surfpool::cli::simnet] Transaction simulation failed: Blockhash not found
[2026-05-13--23-04-43 ERROR surfpool::cli::simnet] Transaction simulation failed: Blockhash not found
[2026-05-13--23-04-43 ERROR surfpool::cli::simnet] Transaction simulation failed: Blockhash not found
[2026-05-13--23-04-43 ERROR surfpool::cli::simnet] Transaction simulation failed: Blockhash not found
[2026-05-13--23-04-43 ERROR surfpool::cli::simnet] Transaction simulation failed: Blockhash not found
[2026-05-13--23-04-43 ERROR surfpool::cli::simnet] Transaction simulation failed: Blockhash not found
[2026-05-13--23-04-44 ERROR surfpool::cli::simnet] Transaction simulation failed: Blockhash not found
[2026-05-13--23-04-44 ERROR surfpool::cli::simnet] Transaction simulation failed: Blockhash not found
[2026-05-13--23-04-44 ERROR surfpool::cli::simnet] Transaction simulation failed: Blockhash not found
[2026-05-13--23-04-44 ERROR surfpool::cli::simnet] Transaction simulation failed: Blockhash not found
[2026-05-13--23-04-44 ERROR surfpool::cli::simnet] Transaction simulation failed: Blockhash not found
[2026-05-13--23-04-44 ERROR surfpool::cli::simnet] Transaction simulation failed: Blockhash not found
[2026-05-13--23-04-44 ERROR surfpool::cli::simnet] Transaction simulation failed: Blockhash not found
[2026-05-13--23-04-44 ERROR surfpool::cli::simnet] Transaction simulation failed: Blockhash not found
[2026-05-13--23-04-44 ERROR surfpool::cli::simnet] Transaction simulation failed: Blockhash not found
[2026-05-13--23-04-44 ERROR surfpool::cli::simnet] Transaction simulation failed: Blockhash not found
[2026-05-13--23-04-45 ERROR surfpool::cli::simnet] Transaction simulation failed: Blockhash not found
[2026-05-13--23-04-45 ERROR surfpool::cli::simnet] Transaction simulation failed: Blockhash not found
[2026-05-13--23-04-45 ERROR surfpool::cli::simnet] Transaction simulation failed: Blockhash not found
[2026-05-13--23-04-45 ERROR surfpool::cli::simnet] Transaction simulation failed: Blockhash not found
[2026-05-13--23-04-45 ERROR surfpool::cli::simnet] Transaction simulation failed: Blockhash not found
[2026-05-13--23-04-45 ERROR surfpool::cli::simnet] Transaction simulation failed: Blockhash not found
[2026-05-13--23-04-45 ERROR surfpool::cli::simnet] Transaction simulation failed: Blockhash not found
[2026-05-13--23-04-45 ERROR surfpool::cli::simnet] Transaction simulation failed: Blockhash not found
[2026-05-13--23-04-45 ERROR surfpool::cli::simnet] Transaction simulation failed: Blockhash not found
[2026-05-13--23-04-45 ERROR surfpool::cli::simnet] Transaction simulation failed: Blockhash not found
[2026-05-13--23-04-45 ERROR surfpool::cli::simnet] Transaction simulation failed: Blockhash not found
[2026-05-13--23-04-46 ERROR surfpool::cli::simnet] Transaction simulation failed: Blockhash not found
[2026-05-13--23-04-46 ERROR surfpool::cli::simnet] Transaction simulation failed: Blockhash not found
[2026-05-13--23-04-46 ERROR surfpool::cli::simnet] Transaction simulation failed: Blockhash not found
[2026-05-13--23-04-46 ERROR surfpool::cli::simnet] Transaction simulation failed: Blockhash not found
[2026-05-13--23-04-46 ERROR surfpool::cli::simnet] Transaction simulation failed: Blockhash not found
[2026-05-13--23-04-46 ERROR surfpool::cli::simnet] Transaction simulation failed: Blockhash not found
[2026-05-13--23-04-46 ERROR surfpool::cli::simnet] Transaction simulation failed: Blockhash not found
[2026-05-13--23-04-46 ERROR surfpool::cli::simnet] Transaction simulation failed: Blockhash not found
[2026-05-13--23-05-03 ERROR surfpool::cli::simnet] Transaction simulation failed: Blockhash not found
[2026-05-13--23-05-03 ERROR surfpool::cli::simnet] Transaction simulation failed: Blockhash not found
[2026-05-13--23-05-04 ERROR surfpool::cli::simnet] Transaction simulation failed: Blockhash not found
[2026-05-13--23-05-04 ERROR surfpool::cli::simnet] Transaction simulation failed: Blockhash not found
[2026-05-13--23-05-04 ERROR surfpool::cli::simnet] Transaction simulation failed: Blockhash not found
[2026-05-13--23-05-04 ERROR surfpool::cli::simnet] Transaction simulation failed: Blockhash not found
[2026-05-13--23-05-04 ERROR surfpool::cli::simnet] Transaction simulation failed: Blockhash not found
[2026-05-13--23-05-04 ERROR surfpool::cli::simnet] Transaction simulation failed: Blockhash not found
[2026-05-13--23-05-04 ERROR surfpool::cli::simnet] Transaction simulation failed: Blockhash not found
[2026-05-13--23-05-05 ERROR surfpool::cli::simnet] Transaction simulation failed: Blockhash not found
[2026-05-13--23-05-05 ERROR surfpool::cli::simnet] Transaction simulation failed: Blockhash not found
[2026-05-13--23-05-05 ERROR surfpool::cli::simnet] Transaction simulation failed: Blockhash not found
[2026-05-13--23-05-05 ERROR surfpool::cli::simnet] Transaction simulation failed: Blockhash not found
[2026-05-13--23-05-05 ERROR surfpool::cli::simnet] Transaction simulation failed: Blockhash not found
[2026-05-13--23-05-05 ERROR surfpool::cli::simnet] Transaction simulation failed: Blockhash not found
[2026-05-13--23-05-05 ERROR surfpool::cli::simnet] Transaction simulation failed: Blockhash not found
[2026-05-13--23-05-05 ERROR surfpool::cli::simnet] Transaction simulation failed: Blockhash not found
[2026-05-13--23-05-06 ERROR surfpool::cli::simnet] Transaction simulation failed: Blockhash not found
[2026-05-13--23-05-06 ERROR surfpool::cli::simnet] Transaction simulation failed: Blockhash not found
[2026-05-13--23-05-06 ERROR surfpool::cli::simnet] Transaction simulation failed: Blockhash not found
[2026-05-13--23-05-06 ERROR surfpool::cli::simnet] Transaction simulation failed: Blockhash not found
[2026-05-13--23-05-06 ERROR surfpool::cli::simnet] Transaction simulation failed: Blockhash not found
[2026-05-13--23-05-06 ERROR surfpool::cli::simnet] Transaction simulation failed: Blockhash not found
[2026-05-13--23-05-06 ERROR surfpool::cli::simnet] Transaction simulation failed: Blockhash not found
[2026-05-13--23-05-06 ERROR surfpool::cli::simnet] Transaction simulation failed: Blockhash not found
[2026-05-13--23-05-06 ERROR surfpool::cli::simnet] Transaction simulation failed: Blockhash not found
[2026-05-13--23-05-07 ERROR surfpool::cli::simnet] Transaction simulation failed: Blockhash not found
[2026-05-13--23-05-07 ERROR surfpool::cli::simnet] Transaction simulation failed: Blockhash not found
[2026-05-13--23-05-07 ERROR surfpool::cli::simnet] Transaction simulation failed: Blockhash not found
[2026-05-13--23-05-07 ERROR surfpool::cli::simnet] Transaction simulation failed: Blockhash not found
[2026-05-13--23-05-07 ERROR surfpool::cli::simnet] Transaction simulation failed: Blockhash not found
[2026-05-13--23-05-07 ERROR surfpool::cli::simnet] Transaction simulation failed: Blockhash not found
[2026-05-13--23-05-07 ERROR surfpool::cli::simnet] Transaction simulation failed: Blockhash not found
[2026-05-13--23-05-07 ERROR surfpool::cli::simnet] Transaction simulation failed: Blockhash not found
[2026-05-13--23-05-08 ERROR surfpool::cli::simnet] Transaction simulation failed: Blockhash not found
[2026-05-13--23-05-08 ERROR surfpool::cli::simnet] Transaction simulation failed: Blockhash not found
[2026-05-13--23-05-08 ERROR surfpool::cli::simnet] Transaction simulation failed: Blockhash not found
[2026-05-13--23-05-08 ERROR surfpool::cli::simnet] Transaction simulation failed: Blockhash not found
[2026-05-13--23-05-08 ERROR surfpool::cli::simnet] Transaction simulation failed: Blockhash not found
[2026-05-13--23-05-08 ERROR surfpool::cli::simnet] Transaction simulation failed: Blockhash not found
[2026-05-13--23-05-08 ERROR surfpool::cli::simnet] Transaction simulation failed: Blockhash not found
[2026-05-13--23-05-08 ERROR surfpool::cli::simnet] Transaction simulation failed: Blockhash not found
[2026-05-13--23-05-08 ERROR surfpool::cli::simnet] Transaction simulation failed: Blockhash not found
[2026-05-13--23-05-09 ERROR surfpool::cli::simnet] Transaction simulation failed: Blockhash not found
[2026-05-13--23-05-09 ERROR surfpool::cli::simnet] Transaction simulation failed: Blockhash not found
[2026-05-13--23-05-09 ERROR surfpool::cli::simnet] Transaction simulation failed: Blockhash not found
[2026-05-13--23-05-09 ERROR surfpool::cli::simnet] Transaction simulation failed: Blockhash not found
[2026-05-13--23-05-09 ERROR surfpool::cli::simnet] Transaction simulation failed: Blockhash not found
[2026-05-13--23-05-09 ERROR surfpool::cli::simnet] Transaction simulation failed: Blockhash not found
[2026-05-13--23-05-09 ERROR surfpool::cli::simnet] Transaction simulation failed: Blockhash not found
[2026-05-13--23-05-09 ERROR surfpool::cli::simnet] Transaction simulation failed: Blockhash not found
[2026-05-13--23-05-10 ERROR surfpool::cli::simnet] Transaction simulation failed: Blockhash not found
[2026-05-13--23-05-10 ERROR surfpool::cli::simnet] Transaction simulation failed: Blockhash not found
[2026-05-13--23-05-10 ERROR surfpool::cli::simnet] Transaction simulation failed: Blockhash not found
[2026-05-13--23-05-10 ERROR surfpool::cli::simnet] Transaction simulation failed: Blockhash not found
[2026-05-13--23-05-10 ERROR surfpool::cli::simnet] Transaction simulation failed: Blockhash not found
[2026-05-13--23-05-10 ERROR surfpool::cli::simnet] Transaction simulation failed: Blockhash not found
[2026-05-13--23-05-10 ERROR surfpool::cli::simnet] Transaction simulation failed: Blockhash not found
[2026-05-13--23-05-10 ERROR surfpool::cli::simnet] Transaction simulation failed: Blockhash not found
[2026-05-13--23-05-10 ERROR surfpool::cli::simnet] Transaction simulation failed: Blockhash not found
[2026-05-13--23-05-11 ERROR surfpool::cli::simnet] Transaction simulation failed: Blockhash not found
[2026-05-13--23-05-11 ERROR surfpool::cli::simnet] Transaction simulation failed: Blockhash not found
[2026-05-13--23-05-11 ERROR surfpool::cli::simnet] Transaction simulation failed: Blockhash not found
[2026-05-13--23-05-11 ERROR surfpool::cli::simnet] Transaction simulation failed: Blockhash not found
[2026-05-13--23-05-11 ERROR surfpool::cli::simnet] Transaction simulation failed: Blockhash not found
[2026-05-13--23-05-11 ERROR surfpool::cli::simnet] Transaction simulation failed: Blockhash not found
[2026-05-13--23-05-11 ERROR surfpool::cli::simnet] Transaction simulation failed: Blockhash not found
[2026-05-13--23-05-11 ERROR surfpool::cli::simnet] Transaction simulation failed: Blockhash not found
[2026-05-13--23-05-12 ERROR surfpool::cli::simnet] Transaction simulation failed: Blockhash not found
[2026-05-13--23-05-12 ERROR surfpool::cli::simnet] Transaction simulation failed: Blockhash not found
[2026-05-13--23-05-12 ERROR surfpool::cli::simnet] Transaction simulation failed: Blockhash not found
[2026-05-13--23-05-12 ERROR surfpool::cli::simnet] Transaction simulation failed: Blockhash not found
[2026-05-13--23-05-12 ERROR surfpool::cli::simnet] Transaction simulation failed: Blockhash not found
[2026-05-13--23-05-12 ERROR surfpool::cli::simnet] Transaction simulation failed: Blockhash not found
[2026-05-13--23-05-12 ERROR surfpool::cli::simnet] Transaction simulation failed: Blockhash not found
[2026-05-13--23-05-12 ERROR surfpool::cli::simnet] Transaction simulation failed: Blockhash not found
[2026-05-13--23-05-12 ERROR surfpool::cli::simnet] Transaction simulation failed: Blockhash not found
[2026-05-13--23-05-13 ERROR surfpool::cli::simnet] Transaction simulation failed: Blockhash not found
[2026-05-13--23-05-13 ERROR surfpool::cli::simnet] Transaction simulation failed: Blockhash not found
[2026-05-13--23-05-13 ERROR surfpool::cli::simnet] Transaction simulation failed: Blockhash not found
[2026-05-13--23-05-13 ERROR surfpool::cli::simnet] Transaction simulation failed: Blockhash not found
[2026-05-13--23-05-13 ERROR surfpool::cli::simnet] Transaction simulation failed: Blockhash not found
[2026-05-13--23-05-13 ERROR surfpool::cli::simnet] Transaction simulation failed: Blockhash not found
[2026-05-13--23-05-13 ERROR surfpool::cli::simnet] Transaction simulation failed: Blockhash not found
[2026-05-13--23-05-14 ERROR surfpool::cli::simnet] Transaction simulation failed: Blockhash not found
[2026-05-13--23-05-14 ERROR surfpool::cli::simnet] Transaction simulation failed: Blockhash not found
[2026-05-13--23-05-14 ERROR surfpool::cli::simnet] Transaction simulation failed: Blockhash not found
[2026-05-13--23-05-14 ERROR surfpool::cli::simnet] Transaction simulation failed: Blockhash not found
[2026-05-13--23-05-14 ERROR surfpool::cli::simnet] Transaction simulation failed: Blockhash not found
[2026-05-13--23-05-14 ERROR surfpool::cli::simnet] Transaction simulation failed: Blockhash not found
[2026-05-13--23-05-14 ERROR surfpool::cli::simnet] Transaction simulation failed: Blockhash not found
[2026-05-13--23-05-14 ERROR surfpool::cli::simnet] Transaction simulation failed: Blockhash not found
[2026-05-13--23-05-15 ERROR surfpool::cli::simnet] Transaction simulation failed: Blockhash not found
[2026-05-13--23-05-15 ERROR surfpool::cli::simnet] Transaction simulation failed: Blockhash not found
[2026-05-13--23-05-15 ERROR surfpool::cli::simnet] Transaction simulation failed: Blockhash not found
[2026-05-13--23-05-15 ERROR surfpool::cli::simnet] Transaction simulation failed: Blockhash not found
[2026-05-13--23-05-15 ERROR surfpool::cli::simnet] Transaction simulation failed: Blockhash not found
[2026-05-13--23-05-15 ERROR surfpool::cli::simnet] Transaction simulation failed: Blockhash not found
[2026-05-13--23-05-15 ERROR surfpool::cli::simnet] Transaction simulation failed: Blockhash not found
[2026-05-13--23-05-15 ERROR surfpool::cli::simnet] Transaction simulation failed: Blockhash not found
[2026-05-13--23-05-15 ERROR surfpool::cli::simnet] Transaction simulation failed: Blockhash not found
[2026-05-13--23-05-16 ERROR surfpool::cli::simnet] Transaction simulation failed: Blockhash not found
[2026-05-13--23-05-16 ERROR surfpool::cli::simnet] Transaction simulation failed: Blockhash not found
[2026-05-13--23-05-16 ERROR surfpool::cli::simnet] Transaction simulation failed: Blockhash not found
[2026-05-13--23-05-16 ERROR surfpool::cli::simnet] Transaction simulation failed: Blockhash not found
[2026-05-13--23-05-16 ERROR surfpool::cli::simnet] Transaction simulation failed: Blockhash not found
[2026-05-13--23-05-16 ERROR surfpool::cli::simnet] Transaction simulation failed: Blockhash not found
[2026-05-13--23-05-16 ERROR surfpool::cli::simnet] Transaction simulation failed: Blockhash not found
[2026-05-13--23-05-16 ERROR surfpool::cli::simnet] Transaction simulation failed: Blockhash not found
[2026-05-13--23-05-16 ERROR surfpool::cli::simnet] Transaction simulation failed: Blockhash not found
[2026-05-13--23-05-17 ERROR surfpool::cli::simnet] Transaction simulation failed: Blockhash not found
[2026-05-13--23-05-17 ERROR surfpool::cli::simnet] Transaction simulation failed: Blockhash not found
[2026-05-13--23-05-17 ERROR surfpool::cli::simnet] Transaction simulation failed: Blockhash not found
[2026-05-13--23-05-17 ERROR surfpool::cli::simnet] Transaction simulation failed: Blockhash not found
[2026-05-13--23-05-17 ERROR surfpool::cli::simnet] Transaction simulation failed: Blockhash not found
[2026-05-13--23-05-17 ERROR surfpool::cli::simnet] Transaction simulation failed: Blockhash not found
[2026-05-13--23-05-17 ERROR surfpool::cli::simnet] Transaction simulation failed: Blockhash not found
[2026-05-13--23-05-17 ERROR surfpool::cli::simnet] Transaction simulation failed: Blockhash not found
[2026-05-13--23-05-17 ERROR surfpool::cli::simnet] Transaction simulation failed: Blockhash not found
[2026-05-13--23-05-17 ERROR surfpool::cli::simnet] Transaction simulation failed: Blockhash not found
[2026-05-13--23-05-18 ERROR surfpool::cli::simnet] Transaction simulation failed: Blockhash not found
[2026-05-13--23-05-18 ERROR surfpool::cli::simnet] Transaction simulation failed: Blockhash not found
[2026-05-13--23-05-18 ERROR surfpool::cli::simnet] Transaction simulation failed: Blockhash not found
[2026-05-13--23-05-18 ERROR surfpool::cli::simnet] Transaction simulation failed: Blockhash not found
[2026-05-13--23-05-18 ERROR surfpool::cli::simnet] Transaction simulation failed: Blockhash not found
[2026-05-13--23-05-18 ERROR surfpool::cli::simnet] Transaction simulation failed: Blockhash not found
[2026-05-13--23-05-18 ERROR surfpool::cli::simnet] Transaction simulation failed: Blockhash not found
[2026-05-13--23-05-18 ERROR surfpool::cli::simnet] Transaction simulation failed: Blockhash not found
[2026-05-13--23-05-18 ERROR surfpool::cli::simnet] Transaction simulation failed: Blockhash not found
[2026-05-13--23-05-18 ERROR surfpool::cli::simnet] Transaction simulation failed: Blockhash not found
[2026-05-13--23-05-19 ERROR surfpool::cli::simnet] Transaction simulation failed: Blockhash not found
[2026-05-13--23-05-19 ERROR surfpool::cli::simnet] Transaction simulation failed: Blockhash not found
[2026-05-13--23-05-19 ERROR surfpool::cli::simnet] Transaction simulation failed: Blockhash not found
[2026-05-13--23-05-19 ERROR surfpool::cli::simnet] Transaction simulation failed: Blockhash not found
[2026-05-13--23-05-19 ERROR surfpool::cli::simnet] Transaction simulation failed: Blockhash not found
[2026-05-13--23-05-19 ERROR surfpool::cli::simnet] Transaction simulation failed: Blockhash not found
[2026-05-13--23-05-19 ERROR surfpool::cli::simnet] Transaction simulation failed: Blockhash not found
[2026-05-13--23-05-19 ERROR surfpool::cli::simnet] Transaction simulation failed: Blockhash not found
[2026-05-13--23-05-19 ERROR surfpool::cli::simnet] Transaction simulation failed: Blockhash not found
[2026-05-13--23-05-19 ERROR surfpool::cli::simnet] Transaction simulation failed: Blockhash not found
[2026-05-13--23-05-20 ERROR surfpool::cli::simnet] Transaction simulation failed: Blockhash not found
[2026-05-13--23-05-20 ERROR surfpool::cli::simnet] Transaction simulation failed: Blockhash not found
[2026-05-13--23-05-20 ERROR surfpool::cli::simnet] Transaction simulation failed: Blockhash not found
[2026-05-13--23-05-20 ERROR surfpool::cli::simnet] Transaction simulation failed: Blockhash not found
[2026-05-13--23-05-20 ERROR surfpool::cli::simnet] Transaction simulation failed: Blockhash not found
[2026-05-13--23-05-20 ERROR surfpool::cli::simnet] Transaction simulation failed: Blockhash not found
[2026-05-13--23-05-20 ERROR surfpool::cli::simnet] Transaction simulation failed: Blockhash not found
[2026-05-13--23-05-20 ERROR surfpool::cli::simnet] Transaction simulation failed: Blockhash not found
[2026-05-13--23-05-20 ERROR surfpool::cli::simnet] Transaction simulation failed: Blockhash not found
[2026-05-13--23-05-20 ERROR surfpool::cli::simnet] Transaction simulation failed: Blockhash not found
[2026-05-13--23-05-20 ERROR surfpool::cli::simnet] Transaction simulation failed: Blockhash not found
[2026-05-13--23-05-21 ERROR surfpool::cli::simnet] Transaction simulation failed: Blockhash not found
[2026-05-13--23-05-21 ERROR surfpool::cli::simnet] Transaction simulation failed: Blockhash not found
[2026-05-13--23-05-39 INFO actix_server::server] SIGTERM received; starting graceful shutdown
[2026-05-13--23-05-39 INFO actix_server::worker] shutting down idle worker
[2026-05-13--23-05-39 INFO actix_server::worker] shutting down idle worker
[2026-05-13--23-05-39 INFO actix_server::worker] shutting down idle worker
[2026-05-13--23-05-39 INFO actix_server::worker] shutting down idle worker
[2026-05-13--23-05-39 INFO actix_server::worker] shutting down idle worker
[2026-05-13--23-05-39 INFO actix_server::accept] accept thread stopped
